<?xml version="1.0" encoding="UTF-8"?>
<!-- Generated by org.testng.reporters.JUnitReportReporter -->
<testsuite skipped="0" hostname="ZenBook" name="by.epam.internetprovider.dao.database.dbresourcemanager.DBResourceManagerTest" tests="7" failures="0" timestamp="25 дек 2017 08:58:26 GMT" time="0.035" errors="0">
  <testcase name="getValueIncorrect" time="0.015" classname="by.epam.internetprovider.dao.database.dbresourcemanager.DBResourceManagerTest"/>
  <testcase name="getValueCorrectValues" time="0.002" classname="by.epam.internetprovider.dao.database.dbresourcemanager.DBResourceManagerTest"/>
  <testcase name="getValueCorrectValues" time="0.001" classname="by.epam.internetprovider.dao.database.dbresourcemanager.DBResourceManagerTest"/>
  <testcase name="getValueCorrectValues" time="0.004" classname="by.epam.internetprovider.dao.database.dbresourcemanager.DBResourceManagerTest"/>
  <testcase name="getInstance" time="0.009" classname="by.epam.internetprovider.dao.database.dbresourcemanager.DBResourceManagerTest"/>
  <testcase name="getValueCorrectValues" time="0.001" classname="by.epam.internetprovider.dao.database.dbresourcemanager.DBResourceManagerTest"/>
  <testcase name="getValueCorrectValues" time="0.003" classname="by.epam.internetprovider.dao.database.dbresourcemanager.DBResourceManagerTest"/>
</testsuite> <!-- by.epam.internetprovider.dao.database.dbresourcemanager.DBResourceManagerTest -->
