<?xml version="1.0" encoding="UTF-8"?>
<!-- Generated by org.testng.reporters.JUnitReportReporter -->
<testsuite skipped="0" hostname="ZenBook" name="by.epam.internetprovider.dao.database.connectionpool.impl.ConnectionPoolOneTest" tests="7" failures="0" timestamp="27 дек 2017 10:23:47 GMT" time="0.392" errors="0">
  <testcase name="getConnection" time="0.018" classname="by.epam.internetprovider.dao.database.connectionpool.impl.ConnectionPoolOneTest"/>
  <testcase name="releaseConnection" time="0.027" classname="by.epam.internetprovider.dao.database.connectionpool.impl.ConnectionPoolOneTest"/>
  <testcase name="closeAllConnections" time="0.025" classname="by.epam.internetprovider.dao.database.connectionpool.impl.ConnectionPoolOneTest"/>
  <testcase name="getBusyConnections" time="0.257" classname="by.epam.internetprovider.dao.database.connectionpool.impl.ConnectionPoolOneTest"/>
  <testcase name="getFreeConnections" time="0.020" classname="by.epam.internetprovider.dao.database.connectionpool.impl.ConnectionPoolOneTest"/>
  <testcase name="closeClosedconnection" time="0.023" classname="by.epam.internetprovider.dao.database.connectionpool.impl.ConnectionPoolOneTest"/>
  <testcase name="getInstance" time="0.022" classname="by.epam.internetprovider.dao.database.connectionpool.impl.ConnectionPoolOneTest"/>
</testsuite> <!-- by.epam.internetprovider.dao.database.connectionpool.impl.ConnectionPoolOneTest -->
