<?xml version="1.0" encoding="UTF-8"?>
<!-- Generated by org.testng.reporters.JUnitReportReporter -->
<testsuite skipped="0" hostname="ZenBook" name="by.epam.internetprovider.service.impl.util.PasswordComputer" tests="1" failures="0" timestamp="15 фев 2018 19:50:41 GMT" time="0.580" errors="0">
  <testcase name="hashTesting" time="0.580" classname="by.epam.internetprovider.service.impl.util.PasswordComputer"/>
</testsuite> <!-- by.epam.internetprovider.service.impl.util.PasswordComputer -->
