<?xml version="1.0" encoding="UTF-8"?>
<!-- Generated by org.testng.reporters.JUnitReportReporter -->
<testsuite skipped="0" hostname="ZenBook" name="by.epam.internetprovider.service.impl.util.ValidationTest" tests="32" failures="0" timestamp="08 фев 2018 19:38:26 GMT" time="0.571" errors="0">
  <testcase name="checkvalidName" time="0.001" classname="by.epam.internetprovider.service.impl.util.ValidationTest"/>
  <testcase name="checkInvalidName" time="0.001" classname="by.epam.internetprovider.service.impl.util.ValidationTest"/>
  <testcase name="checkValidBallance" time="0.001" classname="by.epam.internetprovider.service.impl.util.ValidationTest"/>
  <testcase name="checkValidmail" time="0.005" classname="by.epam.internetprovider.service.impl.util.ValidationTest"/>
  <testcase name="checkvalidName" time="0.000" classname="by.epam.internetprovider.service.impl.util.ValidationTest"/>
  <testcase name="checkInvalidLogin" time="0.001" classname="by.epam.internetprovider.service.impl.util.ValidationTest"/>
  <testcase name="checkValidBallance" time="0.001" classname="by.epam.internetprovider.service.impl.util.ValidationTest"/>
  <testcase name="checkValidmail" time="0.001" classname="by.epam.internetprovider.service.impl.util.ValidationTest"/>
  <testcase name="checkInvalidMail" time="0.002" classname="by.epam.internetprovider.service.impl.util.ValidationTest"/>
  <testcase name="checkValidBallance" time="0.001" classname="by.epam.internetprovider.service.impl.util.ValidationTest"/>
  <testcase name="checkValidBallance" time="0.001" classname="by.epam.internetprovider.service.impl.util.ValidationTest"/>
  <testcase name="checkInvalidMail" time="0.001" classname="by.epam.internetprovider.service.impl.util.ValidationTest"/>
  <testcase name="checkInvalidMail" time="0.001" classname="by.epam.internetprovider.service.impl.util.ValidationTest"/>
  <testcase name="checkInvalidName" time="0.004" classname="by.epam.internetprovider.service.impl.util.ValidationTest"/>
  <testcase name="checkInvalidName" time="0.022" classname="by.epam.internetprovider.service.impl.util.ValidationTest"/>
  <testcase name="checkInvalidLogin" time="0.001" classname="by.epam.internetprovider.service.impl.util.ValidationTest"/>
  <testcase name="checkInvalidLogin" time="0.001" classname="by.epam.internetprovider.service.impl.util.ValidationTest"/>
  <testcase name="checkInvalidBallance" time="0.002" classname="by.epam.internetprovider.service.impl.util.ValidationTest"/>
  <testcase name="checkValidmail" time="0.001" classname="by.epam.internetprovider.service.impl.util.ValidationTest"/>
  <testcase name="checkvalidName" time="0.001" classname="by.epam.internetprovider.service.impl.util.ValidationTest"/>
  <testcase name="checkValidBallance" time="0.000" classname="by.epam.internetprovider.service.impl.util.ValidationTest"/>
  <testcase name="checkValidBallance" time="0.001" classname="by.epam.internetprovider.service.impl.util.ValidationTest"/>
  <testcase name="checkvalidLogin" time="0.005" classname="by.epam.internetprovider.service.impl.util.ValidationTest"/>
  <testcase name="checkvalidName" time="0.004" classname="by.epam.internetprovider.service.impl.util.ValidationTest"/>
  <testcase name="checkInvalidBallance" time="0.001" classname="by.epam.internetprovider.service.impl.util.ValidationTest"/>
  <testcase name="checkInvalidLogin" time="0.001" classname="by.epam.internetprovider.service.impl.util.ValidationTest"/>
  <testcase name="checkInvalidMail" time="0.001" classname="by.epam.internetprovider.service.impl.util.ValidationTest"/>
  <testcase name="checkvalidLogin" time="0.002" classname="by.epam.internetprovider.service.impl.util.ValidationTest"/>
  <testcase name="checkInvalidMail" time="0.005" classname="by.epam.internetprovider.service.impl.util.ValidationTest"/>
  <testcase name="checkInvalidBallance" time="0.500" classname="by.epam.internetprovider.service.impl.util.ValidationTest"/>
  <testcase name="checkInvalidName" time="0.002" classname="by.epam.internetprovider.service.impl.util.ValidationTest"/>
  <testcase name="checkvalidLogin" time="0.000" classname="by.epam.internetprovider.service.impl.util.ValidationTest"/>
</testsuite> <!-- by.epam.internetprovider.service.impl.util.ValidationTest -->
